This file contains any messages produced by compilers while
running configure, to aid debugging if configure makes a mistake.

It was created by GLPK configure 4.48, which was
generated by GNU Autoconf 2.65.  Invocation command line was

  $ ./configure --prefix=/usr/local

## --------- ##
## Platform. ##
## --------- ##

hostname = Jeffrey-Kantors-iMac.local
uname -m = x86_64
uname -r = 12.3.0
uname -s = Darwin
uname -v = Darwin Kernel Version 12.3.0: Sun Jan  6 22:37:10 PST 2013; root:xnu-2050.22.13~1/RELEASE_X86_64

/usr/bin/uname -p = i386
/bin/uname -X     = unknown

/bin/arch              = unknown
/usr/bin/arch -k       = unknown
/usr/convex/getsysinfo = unknown
/usr/bin/hostinfo      = Mach kernel version:
	 Darwin Kernel Version 12.3.0: Sun Jan  6 22:37:10 PST 2013; root:xnu-2050.22.13~1/RELEASE_X86_64
Kernel configured for up to 4 processors.
4 processors are physically available.
4 processors are logically available.
Processor type: i486 (Intel 80486)
Processors active: 0 1 2 3
Primary memory available: 8.00 gigabytes
Default processor set: 163 tasks, 1204 threads, 4 processors
Load average: 3.51, Mach factor: 1.29
/bin/machine           = unknown
/usr/bin/oslevel       = unknown
/bin/universe          = unknown

PATH: /Users/jeff/Library/Enthought/Canopy_64bit/User/bin
PATH: /Library/Frameworks/Python.framework/Versions/Current/bin
PATH: /Library/Frameworks/EPD64.framework/Versions/Current/bin
PATH: /opt/local/bin
PATH: /opt/local/sbin
PATH: /usr/bin
PATH: /bin
PATH: /usr/sbin
PATH: /sbin
PATH: /usr/local/bin
PATH: /opt/X11/bin


## ----------- ##
## Core tests. ##
## ----------- ##

configure:2220: checking for a BSD-compatible install
configure:2288: result: /usr/bin/install -c
configure:2299: checking whether build environment is sane
configure:2354: result: yes
configure:2505: checking for a thread-safe mkdir -p
configure:2544: result: ./install-sh -c -d
configure:2551: checking for gawk
configure:2581: result: no
configure:2551: checking for mawk
configure:2581: result: no
configure:2551: checking for nawk
configure:2581: result: no
configure:2551: checking for awk
configure:2567: found /usr/bin/awk
configure:2578: result: awk
configure:2589: checking whether make sets $(MAKE)
configure:2611: result: yes
configure:2798: checking for gcc
configure:2814: found /usr/bin/gcc
configure:2825: result: gcc
configure:3054: checking for C compiler version
configure:3063: gcc --version >&5
i686-apple-darwin11-llvm-gcc-4.2 (GCC) 4.2.1 (Based on Apple Inc. build 5658) (LLVM build 2336.11.00)
Copyright (C) 2007 Free Software Foundation, Inc.
This is free software; see the source for copying conditions.  There is NO
warranty; not even for MERCHANTABILITY or FITNESS FOR A PARTICULAR PURPOSE.

configure:3074: $? = 0
configure:3063: gcc -v >&5
Using built-in specs.
Target: i686-apple-darwin11
Configured with: /private/var/tmp/llvmgcc42/llvmgcc42-2336.11~182/src/configure --disable-checking --enable-werror --prefix=/Applications/Xcode.app/Contents/Developer/usr/llvm-gcc-4.2 --mandir=/share/man --enable-languages=c,objc,c++,obj-c++ --program-prefix=llvm- --program-transform-name=/^[cg][^.-]*$/s/$/-4.2/ --with-slibdir=/usr/lib --build=i686-apple-darwin11 --enable-llvm=/private/var/tmp/llvmgcc42/llvmgcc42-2336.11~182/dst-llvmCore/Developer/usr/local --program-prefix=i686-apple-darwin11- --host=x86_64-apple-darwin11 --target=i686-apple-darwin11 --with-gxx-include-dir=/usr/include/c++/4.2.1
Thread model: posix
gcc version 4.2.1 (Based on Apple Inc. build 5658) (LLVM build 2336.11.00)
configure:3074: $? = 0
configure:3063: gcc -V >&5
llvm-gcc-4.2: argument to `-V' is missing
configure:3074: $? = 1
configure:3063: gcc -qversion >&5
i686-apple-darwin11-llvm-gcc-4.2: no input files
configure:3074: $? = 1
configure:3094: checking whether the C compiler works
configure:3116: gcc    conftest.c  >&5
configure:3120: $? = 0
configure:3169: result: yes
configure:3172: checking for C compiler default output file name
configure:3174: result: a.out
configure:3180: checking for suffix of executables
configure:3187: gcc -o conftest    conftest.c  >&5
configure:3191: $? = 0
configure:3213: result: 
configure:3235: checking whether we are cross compiling
configure:3243: gcc -o conftest    conftest.c  >&5
configure:3247: $? = 0
configure:3254: ./conftest
configure:3258: $? = 0
configure:3273: result: no
configure:3278: checking for suffix of object files
configure:3300: gcc -c   conftest.c >&5
configure:3304: $? = 0
configure:3325: result: o
configure:3329: checking whether we are using the GNU C compiler
configure:3348: gcc -c   conftest.c >&5
configure:3348: $? = 0
configure:3357: result: yes
configure:3366: checking whether gcc accepts -g
configure:3386: gcc -c -g  conftest.c >&5
configure:3386: $? = 0
configure:3427: result: yes
configure:3444: checking for gcc option to accept ISO C89
configure:3508: gcc  -c -g -O2  conftest.c >&5
configure:3508: $? = 0
configure:3521: result: none needed
configure:3552: checking for style of include used by make
configure:3580: result: GNU
configure:3606: checking dependency style of gcc
configure:3717: result: gcc3
configure:3762: checking build system type
configure:3776: result: x86_64-apple-darwin12.3.0
configure:3796: checking host system type
configure:3809: result: x86_64-apple-darwin12.3.0
configure:3850: checking how to print strings
configure:3877: result: printf
configure:3898: checking for a sed that does not truncate output
configure:3962: result: /usr/bin/sed
configure:3980: checking for grep that handles long lines and -e
configure:4038: result: /usr/bin/grep
configure:4043: checking for egrep
configure:4105: result: /usr/bin/grep -E
configure:4110: checking for fgrep
configure:4172: result: /usr/bin/grep -F
configure:4207: checking for ld used by gcc
configure:4274: result: /usr/llvm-gcc-4.2/libexec/gcc/i686-apple-darwin11/4.2.1/ld
configure:4281: checking if the linker (/usr/llvm-gcc-4.2/libexec/gcc/i686-apple-darwin11/4.2.1/ld) is GNU ld
configure:4296: result: no
configure:4308: checking for BSD- or MS-compatible name lister (nm)
configure:4357: result: /usr/bin/nm
configure:4487: checking the name lister (/usr/bin/nm) interface
configure:4494: gcc -c -g -O2  conftest.c >&5
configure:4497: /usr/bin/nm "conftest.o"
configure:4500: output
000000000000018c S _some_variable
configure:4507: result: BSD nm
configure:4510: checking whether ln -s works
configure:4514: result: yes
configure:4522: checking the maximum length of command line arguments
configure:4647: result: 196608
configure:4664: checking whether the shell understands some XSI constructs
configure:4674: result: yes
configure:4678: checking whether the shell understands "+="
configure:4684: result: yes
configure:4719: checking how to convert x86_64-apple-darwin12.3.0 paths to x86_64-apple-darwin12.3.0 format
configure:4759: result: func_noop_path_convert
configure:4766: checking for /usr/llvm-gcc-4.2/libexec/gcc/i686-apple-darwin11/4.2.1/ld option to reload object files
configure:4773: result: -r
configure:4842: checking for objdump
configure:4872: result: no
configure:4901: checking how to recognize dependent libraries
configure:5102: result: pass_all
configure:5162: checking for dlltool
configure:5192: result: no
configure:5222: checking how to associate runtime and link libraries
configure:5249: result: printf %s\n
configure:5303: checking for ar
configure:5319: found /usr/bin/ar
configure:5330: result: ar
configure:5408: checking for strip
configure:5424: found /usr/bin/strip
configure:5435: result: strip
configure:5507: checking for ranlib
configure:5523: found /usr/bin/ranlib
configure:5534: result: ranlib
configure:5636: checking command to parse /usr/bin/nm output from gcc object
configure:5754: gcc -c -g -O2  conftest.c >&5
configure:5757: $? = 0
configure:5761: /usr/bin/nm conftest.o \| sed -n -e 's/^.*[ ]\([BCDEGRST][BCDEGRST]*\)[ ][ ]*\([_A-Za-z][_A-Za-z0-9]*\)$/\1 \2 \2/p' \> conftest.nm
configure:5764: $? = 0
cannot find nm_test_var in conftest.nm
configure:5754: gcc -c -g -O2  conftest.c >&5
configure:5757: $? = 0
configure:5761: /usr/bin/nm conftest.o \| sed -n -e 's/^.*[ ]\([BCDEGRST][BCDEGRST]*\)[ ][ ]*_\([_A-Za-z][_A-Za-z0-9]*\)$/\1 _\2 \2/p' \> conftest.nm
configure:5764: $? = 0
configure:5818: gcc -o conftest -g -O2   conftest.c conftstm.o >&5
configure:5821: $? = 0
configure:5859: result: ok
configure:6124: checking for dsymutil
configure:6140: found /usr/bin/dsymutil
configure:6151: result: dsymutil
configure:6216: checking for nmedit
configure:6232: found /usr/bin/nmedit
configure:6243: result: nmedit
configure:6308: checking for lipo
configure:6324: found /usr/bin/lipo
configure:6335: result: lipo
configure:6400: checking for otool
configure:6416: found /usr/bin/otool
configure:6427: result: otool
configure:6492: checking for otool64
configure:6522: result: no
configure:6567: checking for -single_module linker flag
gcc -g -O2  -o libconftest.dylib -dynamiclib -Wl,-single_module conftest.c
configure:6594: result: yes
configure:6596: checking for -exported_symbols_list linker flag
configure:6616: gcc -o conftest -g -O2   -Wl,-exported_symbols_list,conftest.sym conftest.c  >&5
configure:6616: $? = 0
configure:6626: result: yes
configure:6628: checking for -force_load linker flag
gcc -g -O2 -c -o conftest.o conftest.c
ar cru libconftest.a conftest.o
gcc -g -O2  -o conftest conftest.c -Wl,-force_load,./libconftest.a
configure:6656: result: yes
configure:6698: checking how to run the C preprocessor
configure:6729: gcc -E  conftest.c
configure:6729: $? = 0
configure:6743: gcc -E  conftest.c
conftest.c:11:28: error: ac_nonexistent.h: No such file or directory
configure:6743: $? = 1
configure: failed program was:
| /* confdefs.h */
| #define PACKAGE_NAME "GLPK"
| #define PACKAGE_TARNAME "glpk"
| #define PACKAGE_VERSION "4.48"
| #define PACKAGE_STRING "GLPK 4.48"
| #define PACKAGE_BUGREPORT "bug-glpk@gnu.org"
| #define PACKAGE_URL ""
| #define PACKAGE "glpk"
| #define VERSION "4.48"
| /* end confdefs.h.  */
| #include <ac_nonexistent.h>
configure:6768: result: gcc -E
configure:6788: gcc -E  conftest.c
configure:6788: $? = 0
configure:6802: gcc -E  conftest.c
conftest.c:11:28: error: ac_nonexistent.h: No such file or directory
configure:6802: $? = 1
configure: failed program was:
| /* confdefs.h */
| #define PACKAGE_NAME "GLPK"
| #define PACKAGE_TARNAME "glpk"
| #define PACKAGE_VERSION "4.48"
| #define PACKAGE_STRING "GLPK 4.48"
| #define PACKAGE_BUGREPORT "bug-glpk@gnu.org"
| #define PACKAGE_URL ""
| #define PACKAGE "glpk"
| #define VERSION "4.48"
| /* end confdefs.h.  */
| #include <ac_nonexistent.h>
configure:6831: checking for ANSI C header files
configure:6851: gcc -c -g -O2  conftest.c >&5
configure:6851: $? = 0
configure:6924: gcc -o conftest -g -O2   conftest.c  >&5
configure:6924: $? = 0
configure:6924: ./conftest
configure:6924: $? = 0
configure:6935: result: yes
configure:6948: checking for sys/types.h
configure:6948: gcc -c -g -O2  conftest.c >&5
configure:6948: $? = 0
configure:6948: result: yes
configure:6948: checking for sys/stat.h
configure:6948: gcc -c -g -O2  conftest.c >&5
configure:6948: $? = 0
configure:6948: result: yes
configure:6948: checking for stdlib.h
configure:6948: gcc -c -g -O2  conftest.c >&5
configure:6948: $? = 0
configure:6948: result: yes
configure:6948: checking for string.h
configure:6948: gcc -c -g -O2  conftest.c >&5
configure:6948: $? = 0
configure:6948: result: yes
configure:6948: checking for memory.h
configure:6948: gcc -c -g -O2  conftest.c >&5
configure:6948: $? = 0
configure:6948: result: yes
configure:6948: checking for strings.h
configure:6948: gcc -c -g -O2  conftest.c >&5
configure:6948: $? = 0
configure:6948: result: yes
configure:6948: checking for inttypes.h
configure:6948: gcc -c -g -O2  conftest.c >&5
configure:6948: $? = 0
configure:6948: result: yes
configure:6948: checking for stdint.h
configure:6948: gcc -c -g -O2  conftest.c >&5
configure:6948: $? = 0
configure:6948: result: yes
configure:6948: checking for unistd.h
configure:6948: gcc -c -g -O2  conftest.c >&5
configure:6948: $? = 0
configure:6948: result: yes
configure:6963: checking for dlfcn.h
configure:6963: gcc -c -g -O2  conftest.c >&5
configure:6963: $? = 0
configure:6963: result: yes
configure:7150: checking for objdir
configure:7165: result: .libs
configure:7436: checking if gcc supports -fno-rtti -fno-exceptions
configure:7454: gcc -c -g -O2  -fno-rtti -fno-exceptions conftest.c >&5
cc1: warning: command line option "-fno-rtti" is valid for C++/ObjC++ but not for C
configure:7458: $? = 0
configure:7471: result: no
configure:7491: checking for gcc option to produce PIC
configure:7776: result: -fno-common -DPIC
configure:7788: checking if gcc PIC flag -fno-common -DPIC works
configure:7806: gcc -c -g -O2  -fno-common -DPIC -DPIC conftest.c >&5
configure:7810: $? = 0
configure:7823: result: yes
configure:7847: checking if gcc static flag -static works
configure:7875: result: no
configure:7890: checking if gcc supports -c -o file.o
configure:7911: gcc -c -g -O2  -o out/conftest2.o conftest.c >&5
configure:7915: $? = 0
configure:7937: result: yes
configure:7945: checking if gcc supports -c -o file.o
configure:7992: result: yes
configure:8025: checking whether the gcc linker (/usr/llvm-gcc-4.2/libexec/gcc/i686-apple-darwin11/4.2.1/ld) supports shared libraries
configure:9101: result: yes
configure:9346: checking dynamic linker characteristics
configure:10023: result: darwin12.3.0 dyld
configure:10130: checking how to hardcode library paths into programs
configure:10155: result: immediate
configure:10695: checking whether stripping libraries is possible
configure:10709: result: yes
configure:10735: checking if libtool supports shared libraries
configure:10737: result: yes
configure:10740: checking whether to build shared libraries
configure:10761: result: yes
configure:10764: checking whether to build static libraries
configure:10768: result: yes
configure:10804: checking for exp in -lm
configure:10829: gcc -o conftest -g -O2   conftest.c -lm   >&5
conftest.c:30: warning: conflicting types for built-in function 'exp'
configure:10829: $? = 0
configure:10838: result: yes
configure:10850: checking sys/time.h usability
configure:10850: gcc -c -g -O2  conftest.c >&5
configure:10850: $? = 0
configure:10850: result: yes
configure:10850: checking sys/time.h presence
configure:10850: gcc -E  conftest.c
configure:10850: $? = 0
configure:10850: result: yes
configure:10850: checking for sys/time.h
configure:10850: result: yes
configure:10859: checking for gettimeofday
configure:10859: gcc -o conftest -g -O2   conftest.c -lm  >&5
configure:10859: $? = 0
configure:10859: result: yes
configure:10878: checking whether to use GNU MP bignum library
configure:10888: result: no
configure:10892: checking whether to enable shared library support
configure:10915: result: no
configure:10932: checking whether to enable MathProg ODBC support
configure:10957: result: no
configure:10961: checking whether to enable MathProg MySQL support
configure:10976: result: no
configure:11079: checking that generated files are newer than configure
configure:11085: result: done
configure:11108: creating ./config.status

## ---------------------- ##
## Running config.status. ##
## ---------------------- ##

This file was extended by GLPK config.status 4.48, which was
generated by GNU Autoconf 2.65.  Invocation command line was

  CONFIG_FILES    = 
  CONFIG_HEADERS  = 
  CONFIG_LINKS    = 
  CONFIG_COMMANDS = 
  $ ./config.status 

on Jeffrey-Kantors-iMac.local

config.status:1073: creating src/Makefile
config.status:1073: creating examples/Makefile
config.status:1073: creating Makefile
config.status:1073: creating config.h
config.status:1293: executing depfiles commands
config.status:1293: executing libtool commands

## ---------------- ##
## Cache variables. ##
## ---------------- ##

ac_cv_build=x86_64-apple-darwin12.3.0
ac_cv_c_compiler_gnu=yes
ac_cv_env_CC_set=
ac_cv_env_CC_value=
ac_cv_env_CFLAGS_set=
ac_cv_env_CFLAGS_value=
ac_cv_env_CPPFLAGS_set=
ac_cv_env_CPPFLAGS_value=
ac_cv_env_CPP_set=
ac_cv_env_CPP_value=
ac_cv_env_LDFLAGS_set=
ac_cv_env_LDFLAGS_value=
ac_cv_env_LIBS_set=
ac_cv_env_LIBS_value=
ac_cv_env_build_alias_set=
ac_cv_env_build_alias_value=
ac_cv_env_host_alias_set=
ac_cv_env_host_alias_value=
ac_cv_env_target_alias_set=
ac_cv_env_target_alias_value=
ac_cv_func_gettimeofday=yes
ac_cv_header_dlfcn_h=yes
ac_cv_header_inttypes_h=yes
ac_cv_header_memory_h=yes
ac_cv_header_stdc=yes
ac_cv_header_stdint_h=yes
ac_cv_header_stdlib_h=yes
ac_cv_header_string_h=yes
ac_cv_header_strings_h=yes
ac_cv_header_sys_stat_h=yes
ac_cv_header_sys_time_h=yes
ac_cv_header_sys_types_h=yes
ac_cv_header_unistd_h=yes
ac_cv_host=x86_64-apple-darwin12.3.0
ac_cv_lib_m_exp=yes
ac_cv_objext=o
ac_cv_path_EGREP='/usr/bin/grep -E'
ac_cv_path_FGREP='/usr/bin/grep -F'
ac_cv_path_GREP=/usr/bin/grep
ac_cv_path_SED=/usr/bin/sed
ac_cv_path_install='/usr/bin/install -c'
ac_cv_prog_AWK=awk
ac_cv_prog_CPP='gcc -E'
ac_cv_prog_ac_ct_AR=ar
ac_cv_prog_ac_ct_CC=gcc
ac_cv_prog_ac_ct_DSYMUTIL=dsymutil
ac_cv_prog_ac_ct_LIPO=lipo
ac_cv_prog_ac_ct_NMEDIT=nmedit
ac_cv_prog_ac_ct_OTOOL=otool
ac_cv_prog_ac_ct_RANLIB=ranlib
ac_cv_prog_ac_ct_STRIP=strip
ac_cv_prog_cc_c89=
ac_cv_prog_cc_g=yes
ac_cv_prog_make_make_set=yes
am_cv_CC_dependencies_compiler_type=gcc3
lt_cv_apple_cc_single_mod=yes
lt_cv_deplibs_check_method=pass_all
lt_cv_file_magic_cmd='$MAGIC_CMD'
lt_cv_file_magic_test_file=
lt_cv_ld_exported_symbols_list=yes
lt_cv_ld_force_load=yes
lt_cv_ld_reload_flag=-r
lt_cv_nm_interface='BSD nm'
lt_cv_objdir=.libs
lt_cv_path_LD=/usr/llvm-gcc-4.2/libexec/gcc/i686-apple-darwin11/4.2.1/ld
lt_cv_path_NM=/usr/bin/nm
lt_cv_prog_compiler_c_o=yes
lt_cv_prog_compiler_pic_works=yes
lt_cv_prog_compiler_rtti_exceptions=no
lt_cv_prog_compiler_static_works=no
lt_cv_prog_gnu_ld=no
lt_cv_sharedlib_from_linklib_cmd='printf %s\n'
lt_cv_sys_global_symbol_pipe='sed -n -e '\''s/^.*[	 ]\([BCDEGRST][BCDEGRST]*\)[	 ][	 ]*_\([_A-Za-z][_A-Za-z0-9]*\)$/\1 _\2 \2/p'\'''
lt_cv_sys_global_symbol_to_c_name_address='sed -n -e '\''s/^: \([^ ]*\)[ ]*$/  {\"\1\", (void *) 0},/p'\'' -e '\''s/^[BCDEGRST]* \([^ ]*\) \([^ ]*\)$/  {"\2", (void *) \&\2},/p'\'''
lt_cv_sys_global_symbol_to_c_name_address_lib_prefix='sed -n -e '\''s/^: \([^ ]*\)[ ]*$/  {\"\1\", (void *) 0},/p'\'' -e '\''s/^[BCDEGRST]* \([^ ]*\) \(lib[^ ]*\)$/  {"\2", (void *) \&\2},/p'\'' -e '\''s/^[BCDEGRST]* \([^ ]*\) \([^ ]*\)$/  {"lib\2", (void *) \&\2},/p'\'''
lt_cv_sys_global_symbol_to_cdecl='sed -n -e '\''s/^T .* \(.*\)$/extern int \1();/p'\'' -e '\''s/^[BCDEGRST]* .* \(.*\)$/extern char \1;/p'\'''
lt_cv_sys_max_cmd_len=196608
lt_cv_to_host_path_cmd=func_noop_path_convert

## ----------------- ##
## Output variables. ##
## ----------------- ##

ACLOCAL='${SHELL} /Users/jeff/Downloads/glpk-4.48/missing --run aclocal-1.12'
AMDEPBACKSLASH='\'
AMDEP_FALSE='#'
AMDEP_TRUE=''
AMTAR='$${TAR-tar}'
AR='ar'
AUTOCONF='${SHELL} /Users/jeff/Downloads/glpk-4.48/missing --run autoconf'
AUTOHEADER='${SHELL} /Users/jeff/Downloads/glpk-4.48/missing --run autoheader'
AUTOMAKE='${SHELL} /Users/jeff/Downloads/glpk-4.48/missing --run automake-1.12'
AWK='awk'
CC='gcc'
CCDEPMODE='depmode=gcc3'
CFLAGS='-g -O2'
CPP='gcc -E'
CPPFLAGS=''
CYGPATH_W='echo'
DEFS='-DHAVE_CONFIG_H'
DEPDIR='.deps'
DLLTOOL='false'
DSYMUTIL='dsymutil'
DUMPBIN=''
ECHO_C='\c'
ECHO_N=''
ECHO_T=''
EGREP='/usr/bin/grep -E'
EXEEXT=''
FGREP='/usr/bin/grep -F'
GREP='/usr/bin/grep'
INSTALL_DATA='${INSTALL} -m 644'
INSTALL_PROGRAM='${INSTALL}'
INSTALL_SCRIPT='${INSTALL}'
INSTALL_STRIP_PROGRAM='$(install_sh) -c -s'
LD='/usr/llvm-gcc-4.2/libexec/gcc/i686-apple-darwin11/4.2.1/ld'
LDFLAGS=''
LIBOBJS=''
LIBS='-lm '
LIBTOOL='$(SHELL) $(top_builddir)/libtool'
LIPO='lipo'
LN_S='ln -s'
LTLIBOBJS=''
MAKEINFO='${SHELL} /Users/jeff/Downloads/glpk-4.48/missing --run makeinfo'
MKDIR_P='./install-sh -c -d'
NM='/usr/bin/nm'
NMEDIT='nmedit'
OBJDUMP='false'
OBJEXT='o'
OTOOL64=':'
OTOOL='otool'
PACKAGE='glpk'
PACKAGE_BUGREPORT='bug-glpk@gnu.org'
PACKAGE_NAME='GLPK'
PACKAGE_STRING='GLPK 4.48'
PACKAGE_TARNAME='glpk'
PACKAGE_URL=''
PACKAGE_VERSION='4.48'
PATH_SEPARATOR=':'
RANLIB='ranlib'
SED='/usr/bin/sed'
SET_MAKE=''
SHELL='/bin/sh'
STRIP='strip'
VERSION='4.48'
ac_ct_CC='gcc'
ac_ct_DUMPBIN=''
am__EXEEXT_FALSE=''
am__EXEEXT_TRUE='#'
am__fastdepCC_FALSE='#'
am__fastdepCC_TRUE=''
am__include='include'
am__isrc=''
am__leading_dot='.'
am__nodep='_no'
am__quote=''
am__tar='$${TAR-tar} chof - "$$tardir"'
am__untar='$${TAR-tar} xf -'
bindir='${exec_prefix}/bin'
build='x86_64-apple-darwin12.3.0'
build_alias=''
build_cpu='x86_64'
build_os='darwin12.3.0'
build_vendor='apple'
datadir='${datarootdir}'
datarootdir='${prefix}/share'
docdir='${datarootdir}/doc/${PACKAGE_TARNAME}'
dvidir='${docdir}'
exec_prefix='${prefix}'
host='x86_64-apple-darwin12.3.0'
host_alias=''
host_cpu='x86_64'
host_os='darwin12.3.0'
host_vendor='apple'
htmldir='${docdir}'
includedir='${prefix}/include'
infodir='${datarootdir}/info'
install_sh='${SHELL} /Users/jeff/Downloads/glpk-4.48/install-sh'
libdir='${exec_prefix}/lib'
libexecdir='${exec_prefix}/libexec'
localedir='${datarootdir}/locale'
localstatedir='${prefix}/var'
mandir='${datarootdir}/man'
mkdir_p='$(MKDIR_P)'
oldincludedir='/usr/include'
pdfdir='${docdir}'
prefix='/usr/local'
program_transform_name='s,x,x,'
psdir='${docdir}'
sbindir='${exec_prefix}/sbin'
sharedstatedir='${prefix}/com'
sysconfdir='${prefix}/etc'
target_alias=''
to_host_path_cmd='func_noop_path_convert'

## ----------- ##
## confdefs.h. ##
## ----------- ##

/* confdefs.h */
#define PACKAGE_NAME "GLPK"
#define PACKAGE_TARNAME "glpk"
#define PACKAGE_VERSION "4.48"
#define PACKAGE_STRING "GLPK 4.48"
#define PACKAGE_BUGREPORT "bug-glpk@gnu.org"
#define PACKAGE_URL ""
#define PACKAGE "glpk"
#define VERSION "4.48"
#define STDC_HEADERS 1
#define HAVE_SYS_TYPES_H 1
#define HAVE_SYS_STAT_H 1
#define HAVE_STDLIB_H 1
#define HAVE_STRING_H 1
#define HAVE_MEMORY_H 1
#define HAVE_STRINGS_H 1
#define HAVE_INTTYPES_H 1
#define HAVE_STDINT_H 1
#define HAVE_UNISTD_H 1
#define HAVE_DLFCN_H 1
#define LT_OBJDIR ".libs/"
#define HAVE_LIBM 1
#define HAVE_SYS_TIME_H 1
#define HAVE_GETTIMEOFDAY 1

configure: exit 0
